<?xml version="1.0" encoding="utf-8"?><testsuites name="pytest tests"><testsuite name="pytest" errors="0" failures="0" skipped="0" tests="25" time="1.213" timestamp="2026-09-12T07:47:19.165097+10:00" hostname="MSI"><testcase classname="test_owner_receipts.OwnerReceipts" name="test_boolean_counter_rejected" time="0.167" /><testcase classname="test_owner_receipts.OwnerReceipts" name="test_changed_actual_start_arguments_rejected" time="0.129" /><testcase classname="test_owner_receipts.OwnerReceipts" name="test_complete_fixture_and_absence_output_subject" time="0.175" /><testcase classname="test_owner_receipts.OwnerReceipts" name="test_expected_seed_rejection_keeps_complete_accounting" time="0.166" /><testcase classname="test_owner_receipts.OwnerReceipts" name="test_missing_linux_identity_rejected_for_completed_child" time="0.135" /><testcase classname="test_owner_receipts.OwnerReceipts" name="test_raw_zero_wrapper_failure_not_complete_accounting" time="0.122" /><testcase classname="test_owner_receipts.OwnerReceipts" name="test_self_declared_counter_budget_rejected" time="0.120" /><testcase classname="test_owner_receipts.OwnerReceipts" name="test_wrong_child_parent_rejected" time="0.118" /><testcase classname="" name="test_pin_union_rejects_alias_omission_and_preserves_values" time="0.007" /><testcase classname="" name="test_owner_requires_exact_membership_and_current_hashes" time="0.001" /><testcase classname="" name="test_launcher_hidden_required_clearance_and_known_exit" time="0.001" /><testcase classname="" name="test_linux_identity_before_single_exec" time="0.001" /><testcase classname="" name="test_request_builder_is_no_dispatch" time="0.002" /><testcase classname="" name="test_literal_windows_paths_convert_before_drive_mapping" time="0.001" /><testcase classname="" name="test_native_batch_uncertainty_is_not_high_level_seed_rejection" time="0.001" /><testcase classname="" name="test_owner_rejects_missing_or_self_declared_limits" time="0.001" /><testcase classname="" name="test_process_identity_and_completion_contradictions[none]" time="0.001" /><testcase classname="" name="test_process_identity_and_completion_contradictions[child_wrapper]" time="0.001" /><testcase classname="" name="test_process_identity_and_completion_contradictions[handle]" time="0.001" /><testcase classname="" name="test_process_identity_and_completion_contradictions[arguments]" time="0.001" /><testcase classname="" name="test_process_identity_and_completion_contradictions[child_missing]" time="0.001" /><testcase classname="" name="test_process_identity_and_completion_contradictions[linux_missing]" time="0.001" /><testcase classname="" name="test_process_identity_and_completion_contradictions[wrapper_exit]" time="0.001" /><testcase classname="" name="test_process_identity_and_completion_contradictions[final_flag]" time="0.001" /><testcase classname="" name="test_process_identity_and_completion_contradictions[branch_flag]" time="0.001" /></testsuite></testsuites>