<?xml version="1.0" encoding="utf-8"?><testsuites name="pytest tests"><testsuite name="pytest" errors="0" failures="0" skipped="0" tests="36" time="1.086" timestamp="2026-09-12T07:34:16.583218+10:00" hostname="MSI"><testcase classname="" name="test_full251_prefix_and_hidden_state" time="0.064" /><testcase classname="" name="test_corrupt_saved_boundary[global_control-index0]" time="0.008" /><testcase classname="" name="test_corrupt_saved_boundary[source_frame-index1]" time="0.008" /><testcase classname="" name="test_corrupt_saved_boundary[physics_substeps-index2]" time="0.009" /><testcase classname="" name="test_corrupt_saved_boundary[controller_mode-index3]" time="0.008" /><testcase classname="" name="test_corrupt_saved_boundary[control_previous_action_before-index4]" time="0.008" /><testcase classname="" name="test_corrupt_saved_boundary[history-index5]" time="0.009" /><testcase classname="" name="test_corrupt_saved_boundary[target-index6]" time="0.009" /><testcase classname="" name="test_corrupt_saved_boundary[physics_time-index7]" time="0.010" /><testcase classname="" name="test_corrupt_saved_boundary[physics_expected_time-index8]" time="0.009" /><testcase classname="" name="test_corrupt_saved_boundary[control_integration_before-index9]" time="0.061" /><testcase classname="" name="test_named_offsets_and_no_aliases" time="0.001" /><testcase classname="" name="test_protocol_counts_and_last_commit" time="0.001" /><testcase classname="" name="test_attempt_return_failure_and_refusal" time="0.001" /><testcase classname="" name="test_nested_failure_inner_evidence" time="0.001" /><testcase classname="" name="test_hooks_preserve_calls_live_private_restoration_and_close" time="0.001" /><testcase classname="" name="test_private_subcontexts_and_refusal_before_native_attempt" time="0.001" /><testcase classname="" name="test_seed_sessions_count_rows_without_extra_calls" time="0.001" /><testcase classname="" name="test_injected_setup_full291_history_and_no_inference" time="0.171" /><testcase classname="" name="test_injected_setup_rejects_shifted_history" time="0.156" /><testcase classname="" name="test_actual_control_history_updates_once_only_after_preview" time="0.008" /><testcase classname="" name="test_prefix_mode_not_counted_as_expert" time="0.006" /><testcase classname="" name="test_actual_admission_subject_membership[none]" time="0.047" /><testcase classname="" name="test_actual_admission_subject_membership[unlisted_role]" time="0.043" /><testcase classname="" name="test_actual_admission_subject_membership[wrong_selected_path]" time="0.045" /><testcase classname="" name="test_actual_admission_subject_membership[wrong_review_request]" time="0.040" /><testcase classname="" name="test_actual_admission_subject_membership[not_selected]" time="0.039" /><testcase classname="test_private_categories_final.PrivateCategories" name="test_aggregate_refusal_consumes_no_category_attempt" time="0.001" /><testcase classname="test_private_categories_final.PrivateCategories" name="test_alias_restoration_and_hard_soft_routing" time="0.001" /><testcase classname="test_private_categories_final.PrivateCategories" name="test_category_refusal_consumes_no_native_attempt" time="0.001" /><testcase classname="test_private_categories_final.PrivateCategories" name="test_disjoint_categories_and_live_prefix_exclusion" time="0.001" /><testcase classname="test_private_categories_final.PrivateCategories" name="test_partial_failure_keeps_attempt_without_return_and_clears_scope" time="0.001" /><testcase classname="test_private_categories_final.PrivateCategories" name="test_unclassified_and_nested_private_calls_do_not_mutate_scope" time="0.001" /><testcase classname="test_completion_contract.CompletionContract" name="test_exit_success_requires_main_and_hold" time="0.020" /><testcase classname="test_completion_contract.CompletionContract" name="test_hold_is_guarded_by_full_main_completion_and_preserves_range" time="0.006" /><testcase classname="test_completion_contract.CompletionContract" name="test_partial_last_control_and_fault_cannot_count_as_full_segment" time="0.007" /></testsuite></testsuites>