<?xml version="1.0" encoding="utf-8"?><testsuites name="pytest tests"><testsuite name="pytest" errors="0" failures="0" skipped="0" tests="8" time="1.286" timestamp="2026-09-12T07:58:52.354389+10:00" hostname="MSI"><testcase classname="test_owner_receipts_transport_v2.OwnerReceipts" name="test_boolean_counter_rejected" time="0.189" /><testcase classname="test_owner_receipts_transport_v2.OwnerReceipts" name="test_changed_actual_start_arguments_rejected" time="0.267" /><testcase classname="test_owner_receipts_transport_v2.OwnerReceipts" name="test_complete_fixture_and_absence_output_subject" time="0.172" /><testcase classname="test_owner_receipts_transport_v2.OwnerReceipts" name="test_expected_seed_rejection_keeps_complete_accounting" time="0.160" /><testcase classname="test_owner_receipts_transport_v2.OwnerReceipts" name="test_missing_linux_identity_rejected_for_completed_child" time="0.117" /><testcase classname="test_owner_receipts_transport_v2.OwnerReceipts" name="test_raw_zero_wrapper_failure_not_complete_accounting" time="0.113" /><testcase classname="test_owner_receipts_transport_v2.OwnerReceipts" name="test_self_declared_counter_budget_rejected" time="0.117" /><testcase classname="test_owner_receipts_transport_v2.OwnerReceipts" name="test_wrong_child_parent_rejected" time="0.121" /></testsuite></testsuites>