<?xml version="1.0" encoding="utf-8"?><testsuites name="pytest tests"><testsuite name="pytest" errors="0" failures="0" skipped="0" tests="57" time="0.094" timestamp="2026-09-12T09:09:18.878818+10:00" hostname="MSI"><testcase classname="test_qualification.QualificationTests" name="test_alias_normalization_and_conflict" time="0.001" /><testcase classname="test_qualification.QualificationTests" name="test_direct_subjects_not_transitive_or_different_trace" time="0.010" /><testcase classname="test_qualification.QualificationTests" name="test_each_report_must_be_full_pass" time="0.011" /><testcase classname="test_qualification.QualificationTests" name="test_fixed_owner_and_all_four_audits" time="0.001" /><testcase classname="test_qualification.QualificationTests" name="test_full_scope_pass_is_not_student_qualification" time="0.003" /><testcase classname="test_qualification.QualificationTests" name="test_owner_gates" time="0.002" /><testcase classname="test_qualification.QualificationTests" name="test_partial_and_wrong_scope" time="0.010" /><testcase classname="test_qualification.QualificationTests" name="test_seven_physics_comparisons_required_both_segments" time="0.018" /><testcase classname="test_qualification.SourceTests" name="test_camera_and_geometry_block_byte_identical" time="0.004" /><testcase classname="test_qualification.SourceTests" name="test_explicit_continuity_final_boundary_and_unchanged_pose_assignment" time="0.001" /><testcase classname="test_qualification.SourceTests" name="test_fixed_nine_steps_reference_clock_identical" time="0.001" /><testcase classname="test_qualification.SourceTests" name="test_fresh_outputs_and_final_hashes" time="0.001" /><testcase classname="test_qualification.SourceTests" name="test_native_import_after_explicit_selection_and_gate" time="0.001" /><testcase classname="test_qualification.SourceTests" name="test_no_dynamics_or_inference_calls" time="0.002" /></testsuite></testsuites>