<?xml version="1.0" encoding="utf-8"?><testsuites name="pytest tests"><testsuite name="pytest" errors="0" failures="0" skipped="0" tests="508" time="285.684" timestamp="2026-09-07T15:12:43.001122+10:00" hostname="MSI"><testcase classname="gear_sonic.tests.test_g1_true23_generalist_feasibility_restore" name="test_intermediate_envelopes_do_not_mutate_original_task_budgets" time="0.006" /><testcase classname="gear_sonic.tests.test_g1_true23_generalist_feasibility_restore" name="test_impossible_temporal_or_root_bounds_return_no_intermediate_pose" time="0.001" /><testcase classname="gear_sonic.tests.test_g1_true23_generalist_feasibility_restore" name="test_feasible_original_cannot_use_looser_intermediate_envelope" time="0.001" /><testcase classname="gear_sonic.tests.test_g1_true23_generalist_feasibility_restore" name="test_restoration_requires_strict_original_nonlinear_improvement" time="0.002" /><testcase classname="gear_sonic.tests.test_g1_true23_bones_seed_archive" name="test_archive_audit_hashes_complete_compressed_bytes_and_selected_member" time="0.003" /><testcase classname="gear_sonic.tests.test_g1_true23_bones_seed_archive" name="test_archive_audit_rejects_wrong_evidence[archive_hash]" time="0.003" /><testcase classname="gear_sonic.tests.test_g1_true23_bones_seed_archive" name="test_archive_audit_rejects_wrong_evidence[archive_size]" time="0.003" /><testcase classname="gear_sonic.tests.test_g1_true23_bones_seed_archive" name="test_archive_audit_rejects_wrong_evidence[member_hash]" time="0.002" /><testcase classname="gear_sonic.tests.test_g1_true23_bones_seed_archive" name="test_archive_audit_rejects_wrong_evidence[member_size]" time="0.003" /><testcase classname="gear_sonic.tests.test_g1_true23_bones_seed_archive" name="test_archive_audit_rejects_wrong_evidence[missing]" time="0.002" /><testcase classname="gear_sonic.tests.test_g1_true23_bones_seed_archive" name="test_archive_audit_rejects_duplicate_members" time="0.002" /><testcase classname="gear_sonic.tests.test_g1_true23_bones_seed_archive" name="test_archive_audit_rejects_traversal" time="0.003" /><testcase classname="gear_sonic.tests.test_g1_true23_bones_seed" name="test_original_and_mirror_use_metadata_capture_not_filename" time="0.001" /><testcase classname="gear_sonic.tests.test_g1_true23_bones_seed" name="test_index_splits_whole_takes_before_disk_availability" time="0.009" /><testcase classname="gear_sonic.tests.test_g1_true23_bones_seed" name="test_duplicate_metadata_rejected" time="0.002" /><testcase classname="gear_sonic.tests.test_g1_true23_bones_seed" name="test_missing_capture_identity_rejected" time="0.001" /><testcase classname="gear_sonic.tests.test_g1_true23_bones_seed" name="test_path_rejects_escape_or_metadata_disagreement[../escape.csv]" time="0.002" /><testcase classname="gear_sonic.tests.test_g1_true23_bones_seed" name="test_path_rejects_escape_or_metadata_disagreement[g1/csv/../escape.csv]" time="0.002" /><testcase classname="gear_sonic.tests.test_g1_true23_bones_seed" name="test_path_rejects_escape_or_metadata_disagreement[g1/csv/220102/dance_001__A001.csv]" time="0.002" /><testcase classname="gear_sonic.tests.test_g1_true23_bones_seed" name="test_path_rejects_escape_or_metadata_disagreement[g1\\csv\\220101\\dance_001__A001.csv]" time="0.002" /><testcase classname="gear_sonic.tests.test_g1_true23_bones_seed" name="test_symlink_source_rejected" time="0.003" /><testcase classname="gear_sonic.tests.test_g1_true23_bones_seed" name="test_mixed_family_and_mirror_only_groups_are_not_hidden" time="0.002" /><testcase classname="gear_sonic.tests.test_g1_true23_bones_seed" name="test_family_comes_from_structured_annotations" time="0.001" /><testcase classname="gear_sonic.tests.test_g1_true23_bones_seed" name="test_source_conversion_preserves_all_joints_samples_units_and_root" time="0.004" /><testcase classname="gear_sonic.tests.test_g1_true23_bones_seed" name="test_source_rejects_corrupt_payload[&lt;lambda&gt;-frame IDs]" time="0.003" /><testcase classname="gear_sonic.tests.test_g1_true23_bones_seed" name="test_source_rejects_corrupt_payload[&lt;lambda&gt;-nonfinite]" time="0.002" /><testcase classname="gear_sonic.tests.test_g1_true23_bones_seed" name="test_source_rejects_partial_or_extra_frames" time="0.003" /><testcase classname="gear_sonic.tests.test_g1_true23_bones_seed" name="test_source_rejects_missing_or_duplicate_joints" time="0.003" /><testcase classname="gear_sonic.tests.test_g1_true23_bones_seed" name="test_training_selection_never_uses_mirror_or_heldout" time="0.010" /><testcase classname="gear_sonic.tests.test_g1_true23_generalist_causal" name="test_real_models_follow_ten_single_standing_frames" time="1.361" /><testcase classname="gear_sonic.tests.test_g1_true23_generalist_causal" name="test_requires_explicit_reference_initialization" time="0.004" /><testcase classname="gear_sonic.tests.test_g1_true23_generalist_causal" name="test_joint_name_reordering_matches_same_single_frame" time="0.049" /><testcase classname="gear_sonic.tests.test_g1_true23_generalist_causal" name="test_prefix_invariant_when_future_streams_differ" time="0.332" /><testcase classname="gear_sonic.tests.test_g1_true23_generalist_causal" name="test_never_invokes_full_clip_solver_or_contact_inference" time="0.037" /><testcase classname="gear_sonic.tests.test_g1_true23_generalist_causal" name="test_gaps_duplicates_backwards_require_reinitialize[0.0-cadence_violation]" time="0.025" /><testcase classname="gear_sonic.tests.test_g1_true23_generalist_causal" name="test_gaps_duplicates_backwards_require_reinitialize[-0.02-cadence_violation]" time="0.025" /><testcase classname="gear_sonic.tests.test_g1_true23_generalist_causal" name="test_gaps_duplicates_backwards_require_reinitialize[0.04-cadence_violation]" time="0.032" /><testcase classname="gear_sonic.tests.test_g1_true23_generalist_causal" name="test_gaps_duplicates_backwards_require_reinitialize[0.021-cadence_violation]" time="0.025" /><testcase classname="gear_sonic.tests.test_g1_true23_generalist_causal" name="test_stale_or_future_input_rejected_without_reference[0.061]" time="0.004" /><testcase classname="gear_sonic.tests.test_g1_true23_generalist_causal" name="test_stale_or_future_input_rejected_without_reference[0.01]" time="0.004" /><testcase classname="gear_sonic.tests.test_g1_true23_generalist_causal" name="test_invalid_single_frame_never_emits_zero_or_fallback[&lt;lambda&gt;0]" time="0.004" /><testcase classname="gear_sonic.tests.test_g1_true23_generalist_causal" name="test_invalid_single_frame_never_emits_zero_or_fallback[&lt;lambda&gt;1]" time="0.004" /><testcase classname="gear_sonic.tests.test_g1_true23_generalist_causal" name="test_invalid_single_frame_never_emits_zero_or_fallback[&lt;lambda&gt;2]" time="0.003" /><testcase classname="gear_sonic.tests.test_g1_true23_generalist_causal" name="test_invalid_single_frame_never_emits_zero_or_fallback[&lt;lambda&gt;3]" time="0.003" /><testcase classname="gear_sonic.tests.test_g1_true23_generalist_causal" name="test_invalid_single_frame_never_emits_zero_or_fallback[&lt;lambda&gt;4]" time="0.004" /><testcase classname="gear_sonic.tests.test_g1_true23_generalist_causal" name="test_invalid_single_frame_never_emits_zero_or_fallback[&lt;lambda&gt;5]" time="0.004" /><testcase classname="gear_sonic.tests.test_g1_true23_generalist_causal" name="test_invalid_single_frame_never_emits_zero_or_fallback[&lt;lambda&gt;6]" time="0.004" /><testcase classname="gear_sonic.tests.test_g1_true23_generalist_causal" name="test_invalid_single_frame_never_emits_zero_or_fallback[&lt;lambda&gt;7]" time="0.004" /><testcase classname="gear_sonic.tests.test_g1_true23_generalist_causal" name="test_invalid_single_frame_never_emits_zero_or_fallback[&lt;lambda&gt;8]" time="0.004" /><testcase classname="gear_sonic.tests.test_g1_true23_generalist_causal" name="test_invalid_single_frame_never_emits_zero_or_fallback[&lt;lambda&gt;9]" time="0.003" /><testcase classname="gear_sonic.tests.test_g1_true23_generalist_causal" name="test_invalid_single_frame_never_emits_zero_or_fallback[&lt;lambda&gt;10]" time="0.005" /><testcase classname="gear_sonic.tests.test_g1_true23_generalist_causal" name="test_sudden_infeasible_pose_preserves_last_accepted_state" time="0.043" /><testcase classname="gear_sonic.tests.test_g1_true23_generalist_causal" name="test_returned_reference_and_snapshot_cannot_mutate_internal_history" time="0.042" /><testcase classname="gear_sonic.tests.test_g1_true23_generalist_causal" name="test_configuration_cannot_relax_limits_or_hide_gap[kwargs0]" time="0.001" /><testcase classname="gear_sonic.tests.test_g1_true23_generalist_causal" name="test_configuration_cannot_relax_limits_or_hide_gap[kwargs1]" time="0.001" /><testcase classname="gear_sonic.tests.test_g1_true23_generalist_causal" name="test_configuration_cannot_relax_limits_or_hide_gap[kwargs2]" time="0.001" /><testcase classname="gear_sonic.tests.test_g1_true23_generalist_causal" name="test_configuration_cannot_relax_limits_or_hide_gap[kwargs3]" time="0.001" /><testcase classname="gear_sonic.tests.test_g1_true23_generalist_causal" name="test_configuration_cannot_relax_limits_or_hide_gap[kwargs4]" time="0.001" /><testcase classname="gear_sonic.tests.test_g1_true23_generalist_causal" name="test_configuration_cannot_relax_limits_or_hide_gap[kwargs5]" time="0.001" /><testcase classname="gear_sonic.tests.test_g1_true23_generalist_causal" name="test_configuration_cannot_relax_limits_or_hide_gap[kwargs6]" time="0.001" /><testcase classname="gear_sonic.tests.test_g1_true23_generalist_causal" name="test_configuration_cannot_relax_limits_or_hide_gap[kwargs7]" time="0.002" /><testcase classname="gear_sonic.tests.test_g1_true23_generalist_causal" name="test_initialization_checks_joint_bounds_and_velocity" time="0.003" /><testcase classname="gear_sonic.tests.test_g1_true23_generalist_causal" name="test_small_source_excursion_does_not_extrapolate_seed_drift" time="2.192" /><testcase classname="gear_sonic.tests.test_g1_true23_generalist_causal" name="test_nonfinite_solver_diagnostics_reject_without_state_update" time="0.020" /><testcase classname="gear_sonic.tests.test_g1_true23_generalist_causal" name="test_live_timing_history_is_bounded_and_overall_deadlines_remain_counted" time="0.009" /><testcase classname="gear_sonic.tests.test_g1_true23_generalist_retained_candidate" name="test_original_fixed_candidate_stays_unchanged" time="0.001" /><testcase classname="gear_sonic.tests.test_g1_true23_generalist_retained_candidate" name="test_120hz_source_uses_bounded_exact50hz_duration_and_unreduced_excursion" time="0.001" /><testcase classname="gear_sonic.tests.test_g1_true23_generalist_retained_candidate" name="test_generalization_cannot_weaken_gates[change0]" time="0.001" /><testcase classname="gear_sonic.tests.test_g1_true23_generalist_retained_candidate" name="test_generalization_cannot_weaken_gates[change1]" time="0.001" /><testcase classname="gear_sonic.tests.test_g1_true23_generalist_retained_candidate" name="test_generalization_cannot_weaken_gates[change2]" time="0.001" /><testcase classname="gear_sonic.tests.test_g1_true23_generalist_retained_candidate" name="test_generalization_cannot_weaken_gates[change3]" time="0.001" /><testcase classname="gear_sonic.tests.test_g1_true23_generalist_retained_candidate" name="test_generalization_cannot_weaken_gates[change4]" time="0.001" /><testcase classname="gear_sonic.tests.test_g1_true23_generalist_retained_candidate" name="test_generalization_cannot_weaken_gates[change5]" time="0.001" /><testcase classname="gear_sonic.tests.test_g1_true23_generalist_retained_candidate" name="test_generalization_cannot_weaken_gates[change6]" time="0.001" /><testcase classname="gear_sonic.tests.test_g1_true23_generalist_retained_candidate" name="test_invalid_retained_duration_rejected[nan]" time="0.001" /><testcase classname="gear_sonic.tests.test_g1_true23_generalist_retained_candidate" name="test_invalid_retained_duration_rejected[inf]" time="0.001" /><testcase classname="gear_sonic.tests.test_g1_true23_generalist_retained_candidate" name="test_invalid_retained_duration_rejected[0.99]" time="0.001" /><testcase classname="gear_sonic.tests.test_g1_true23_generalist_retained_candidate" name="test_invalid_retained_duration_rejected[2.01]" time="0.001" /><testcase classname="gear_sonic.tests.test_g1_true23_generalist_retained_candidate" name="test_invalid_retained_duration_rejected[True]" time="0.001" /><testcase classname="gear_sonic.tests.test_g1_true23_generalist_retained_candidate" name="test_declared_scale_and_parent_must_match" time="0.001" /><testcase classname="gear_sonic.tests.test_g1_true23_generalist_curriculum" name="test_full_source_channels_preserved_and_not_qualified" time="0.826" /><testcase classname="gear_sonic.tests.test_g1_true23_generalist_curriculum" name="test_acquisition_has_pose_hold_not_shortened_dance" time="0.094" /><testcase classname="gear_sonic.tests.test_g1_true23_generalist_curriculum" name="test_unknown_stage_rejected[]" time="0.001" /><testcase classname="gear_sonic.tests.test_g1_true23_generalist_curriculum" name="test_unknown_stage_rejected[dance_only]" time="0.001" /><testcase classname="gear_sonic.tests.test_g1_true23_generalist_curriculum" name="test_unknown_stage_rejected[None]" time="0.001" /><testcase classname="gear_sonic.tests.test_g1_true23_generalist_curriculum" name="test_unaudited_production_rejected" time="0.001" /><testcase classname="gear_sonic.tests.test_g1_true23_generalist_curriculum" name="test_derivative_keeps_original_train_ownership" time="0.098" /><testcase classname="gear_sonic.tests.test_g1_true23_generalist_curriculum" name="test_held_out_derivatives_rejected[validation]" time="0.001" /><testcase classname="gear_sonic.tests.test_g1_true23_generalist_curriculum" name="test_held_out_derivatives_rejected[test]" time="0.001" /><testcase classname="gear_sonic.tests.test_g1_true23_generalist_curriculum" name="test_held_out_derivatives_rejected[None]" time="0.001" /><testcase classname="gear_sonic.tests.test_g1_true23_generalist_curriculum" name="test_asset_declared_timing_must_match" time="0.001" /><testcase classname="gear_sonic.tests.test_g1_true23_generalist_curriculum" name="test_bundle_hashes_and_no_overwrite" time="0.140" /><testcase classname="gear_sonic.tests.test_g1_true23_generalist_curriculum" name="test_boundary_clamps_without_resampling_or_robot_state_writes" time="0.032" /><testcase classname="gear_sonic.tests.test_g1_true23_generalist_curriculum" name="test_regular_update_advances_exactly_one_anchor" time="0.009" /><testcase classname="gear_sonic.tests.test_g1_true23_generalist_curriculum" name="test_prephysics_reference_to_postphysics_timeout_counts_every_control[16]" time="0.003" /><testcase classname="gear_sonic.tests.test_g1_true23_generalist_curriculum" name="test_prephysics_reference_to_postphysics_timeout_counts_every_control[766]" time="0.093" /><testcase classname="gear_sonic.tests.test_g1_true23_generalist_curriculum" name="test_prephysics_reference_to_postphysics_timeout_counts_every_control[1296]" time="0.159" /><testcase classname="gear_sonic.tests.test_g1_true23_generalist_curriculum" name="test_timed_compute_never_calls_resample" time="0.001" /><testcase classname="gear_sonic.tests.test_g1_true23_generalist_curriculum" name="test_resample_outside_reset_rejected_before_state_access" time="0.001" /><testcase classname="gear_sonic.tests.test_g1_true23_generalist_curriculum" name="test_config_timeout_exceeds_whole_source_and_zero_reset_noise" time="0.088" /><testcase classname="gear_sonic.tests.test_g1_true23_generalist_curriculum" name="test_array_hash_changes_when_one_frame_changes" time="0.002" /><testcase classname="gear_sonic.tests.test_g1_true23_generalist_benchmark" name="test_perfect_prefix_never_counts_as_full_motion" time="0.001" /><testcase classname="gear_sonic.tests.test_g1_true23_generalist_benchmark" name="test_full_completion_stays_distinct_from_fidelity_and_lifecycle" time="0.001" /><testcase classname="gear_sonic.tests.test_g1_true23_generalist_benchmark" name="test_perfect_full_tracking_does_not_qualify_deployment" time="0.001" /><testcase classname="gear_sonic.tests.test_g1_true23_generalist_benchmark" name="test_invalid_tracking_not_silently_accepted[nan]" time="0.001" /><testcase classname="gear_sonic.tests.test_g1_true23_generalist_benchmark" name="test_invalid_tracking_not_silently_accepted[inf]" time="0.001" /><testcase classname="gear_sonic.tests.test_g1_true23_generalist_benchmark" name="test_invalid_tracking_not_silently_accepted[-0.01]" time="0.001" /><testcase classname="gear_sonic.tests.test_g1_true23_generalist_benchmark" name="test_recorded_failure_prevents_even_last_frame_success" time="0.001" /><testcase classname="gear_sonic.tests.test_g1_true23_generalist_benchmark" name="test_missing_observation_fails" time="0.001" /><testcase classname="gear_sonic.tests.test_g1_true23_generalist_benchmark" name="test_landmarks_share_exact_offsets" time="0.001" /><testcase classname="gear_sonic.tests.test_g1_true23_generalist_benchmark" name="test_mjlab_checkpoint_cannot_be_misread_as_cpu_lifecycle" time="0.001" /><testcase classname="gear_sonic.tests.test_g1_true23_generalist_benchmark" name="test_actual_nominal_native_physics_and_prefix_accounting" time="0.741" /><testcase classname="gear_sonic.tests.test_g1_true23_generalist_benchmark" name="test_nominal_and_historical_are_explicit_different_gain_profiles" time="1.214" /><testcase classname="gear_sonic.tests.test_g1_true23_generalist_benchmark" name="test_observation_phase_contract_keeps_first10_evidence_bounded" time="0.001" /><testcase classname="gear_sonic.tests.test_g1_true23_generalist_benchmark" name="test_actor_failure_preserves_empty_evidence_not_success" time="0.594" /><testcase classname="gear_sonic.tests.test_g1_true23_generalist_benchmark" name="test_matched_candidate_metadata_accepted" time="0.004" /><testcase classname="gear_sonic.tests.test_g1_true23_generalist_benchmark" name="test_mismatched_encoder_decoder_checkpoint_rejected" time="0.003" /><testcase classname="gear_sonic.tests.test_g1_true23_generalist_benchmark" name="test_candidate_manifest_fail_closed[semantics]" time="0.003" /><testcase classname="gear_sonic.tests.test_g1_true23_generalist_benchmark" name="test_candidate_manifest_fail_closed[authorization]" time="0.002" /><testcase classname="gear_sonic.tests.test_g1_true23_generalist_benchmark" name="test_candidate_manifest_fail_closed[encoder_parity]" time="0.003" /><testcase classname="gear_sonic.tests.test_g1_true23_generalist_benchmark" name="test_candidate_manifest_fail_closed[path]" time="0.003" /><testcase classname="gear_sonic.tests.test_g1_true23_generalist_benchmark" name="test_candidate_manifest_fail_closed[shape]" time="0.003" /><testcase classname="gear_sonic.tests.test_g1_true23_generalist_benchmark" name="test_source_comparison_keeps_planner_policy_and_retarget_separate" time="1.988" /><testcase classname="gear_sonic.tests.test_g1_true23_generalist_benchmark" name="test_reference_diagnostic_preserves_current_library_integration_with_same_policy" time="0.938" /><testcase classname="gear_sonic.tests.test_g1_true23_generalist_acceptance" name="test_full_complete_suite_can_only_qualify_simulation" time="0.126" /><testcase classname="gear_sonic.tests.test_g1_true23_generalist_acceptance" name="test_rejection_and_missing_seeds_never_leave_denominator" time="0.121" /><testcase classname="gear_sonic.tests.test_g1_true23_generalist_acceptance" name="test_one_dance_cannot_qualify" time="0.001" /><testcase classname="gear_sonic.tests.test_g1_true23_generalist_acceptance" name="test_self_reported_one_frame_full_dance_cannot_qualify" time="0.114" /><testcase classname="gear_sonic.tests.test_g1_true23_generalist_acceptance" name="test_plan_cannot_replace_full_original_with_crop" time="0.226" /><testcase classname="gear_sonic.tests.test_g1_true23_generalist_acceptance" name="test_receipt_cannot_change_plan_source_or_time_map[evaluation_plan_sha256]" time="0.117" /><testcase classname="gear_sonic.tests.test_g1_true23_generalist_acceptance" name="test_receipt_cannot_change_plan_source_or_time_map[adapted_reference_sha256]" time="0.117" /><testcase classname="gear_sonic.tests.test_g1_true23_generalist_acceptance" name="test_receipt_cannot_change_plan_source_or_time_map[time_map_sha256]" time="0.118" /><testcase classname="gear_sonic.tests.test_g1_true23_generalist_acceptance" name="test_no_fallback_posewrites_or_violations[falls]" time="0.002" /><testcase classname="gear_sonic.tests.test_g1_true23_generalist_acceptance" name="test_no_fallback_posewrites_or_violations[nonfinite_states]" time="0.001" /><testcase classname="gear_sonic.tests.test_g1_true23_generalist_acceptance" name="test_no_fallback_posewrites_or_violations[forbidden_contacts]" time="0.001" /><testcase classname="gear_sonic.tests.test_g1_true23_generalist_acceptance" name="test_no_fallback_posewrites_or_violations[actuator_violations]" time="0.001" /><testcase classname="gear_sonic.tests.test_g1_true23_generalist_acceptance" name="test_no_fallback_posewrites_or_violations[pose_writes_after_reset]" time="0.002" /><testcase classname="gear_sonic.tests.test_g1_true23_generalist_acceptance" name="test_no_fallback_posewrites_or_violations[history_resets_during_motion]" time="0.001" /><testcase classname="gear_sonic.tests.test_g1_true23_generalist_acceptance" name="test_no_fallback_posewrites_or_violations[fallback_controls]" time="0.001" /><testcase classname="gear_sonic.tests.test_g1_true23_generalist_acceptance" name="test_incomplete_adaptation_or_measurement_rejected[duration_scale-2.01]" time="0.001" /><testcase classname="gear_sonic.tests.test_g1_true23_generalist_acceptance" name="test_incomplete_adaptation_or_measurement_rejected[maximum_task_space_excursion_reduction_fraction-0.21]" time="0.001" /><testcase classname="gear_sonic.tests.test_g1_true23_generalist_acceptance" name="test_incomplete_adaptation_or_measurement_rejected[source_time_map_verified-False]" time="0.001" /><testcase classname="gear_sonic.tests.test_g1_true23_generalist_acceptance" name="test_incomplete_adaptation_or_measurement_rejected[return_to_standing_stable-False]" time="0.001" /><testcase classname="gear_sonic.tests.test_g1_true23_generalist_acceptance" name="test_incomplete_adaptation_or_measurement_rejected[perturbation_state_verified-False]" time="0.001" /><testcase classname="gear_sonic.tests.test_g1_true23_generalist_acceptance" name="test_incomplete_adaptation_or_measurement_rejected[foot_metric-ankle_origin]" time="0.001" /><testcase classname="gear_sonic.tests.test_g1_true23_generalist_acceptance" name="test_full_prefix_and_nonfinite_never_pass" time="0.001" /><testcase classname="gear_sonic.tests.test_g1_true23_generalist_acceptance" name="test_mixed_policies_or_derivative_leakage_rejects_campaign" time="0.400" /><testcase classname="gear_sonic.tests.test_g1_true23_generalist_acceptance" name="test_three_unchanged_evaluations_require_diagnosis" time="0.001" /><testcase classname="gear_sonic.tests.test_g1_true23_generalist_corpus" name="test_split_exact_deterministic_per_family_before_derivatives" time="0.025" /><testcase classname="gear_sonic.tests.test_g1_true23_generalist_corpus" name="test_small_splits_are_not_fabricated[1-counts0]" time="0.001" /><testcase classname="gear_sonic.tests.test_g1_true23_generalist_corpus" name="test_small_splits_are_not_fabricated[5-counts1]" time="0.002" /><testcase classname="gear_sonic.tests.test_g1_true23_generalist_corpus" name="test_small_splits_are_not_fabricated[10-counts2]" time="0.001" /><testcase classname="gear_sonic.tests.test_g1_true23_generalist_corpus" name="test_small_splits_are_not_fabricated[11-counts3]" time="0.001" /><testcase classname="gear_sonic.tests.test_g1_true23_generalist_corpus" name="test_variants_inherit_split_and_never_increase_unique_recordings[mirror]" time="0.007" /><testcase classname="gear_sonic.tests.test_g1_true23_generalist_corpus" name="test_variants_inherit_split_and_never_increase_unique_recordings[crop]" time="0.007" /><testcase classname="gear_sonic.tests.test_g1_true23_generalist_corpus" name="test_variants_inherit_split_and_never_increase_unique_recordings[tempo]" time="0.007" /><testcase classname="gear_sonic.tests.test_g1_true23_generalist_corpus" name="test_variants_inherit_split_and_never_increase_unique_recordings[retarget]" time="0.007" /><testcase classname="gear_sonic.tests.test_g1_true23_generalist_corpus" name="test_variants_inherit_split_and_never_increase_unique_recordings[representation]" time="0.007" /><testcase classname="gear_sonic.tests.test_g1_true23_generalist_corpus" name="test_integrity_does_not_claim_payload_validation" time="0.005" /><testcase classname="gear_sonic.tests.test_g1_true23_generalist_corpus" name="test_rejects_invalid_provenance_and_contracts[&lt;lambda&gt;-schema_version]" time="0.002" /><testcase classname="gear_sonic.tests.test_g1_true23_generalist_corpus" name="test_rejects_invalid_provenance_and_contracts[&lt;lambda&gt;-requires original]" time="0.003" /><testcase classname="gear_sonic.tests.test_g1_true23_generalist_corpus" name="test_rejects_invalid_provenance_and_contracts[&lt;lambda&gt;-lineage]" time="0.004" /><testcase classname="gear_sonic.tests.test_g1_true23_generalist_corpus" name="test_rejects_invalid_provenance_and_contracts[&lt;lambda&gt;-license]" time="0.002" /><testcase classname="gear_sonic.tests.test_g1_true23_generalist_corpus" name="test_rejects_invalid_provenance_and_contracts[&lt;lambda&gt;-family]" time="0.002" /><testcase classname="gear_sonic.tests.test_g1_true23_generalist_corpus" name="test_rejects_invalid_provenance_and_contracts[&lt;lambda&gt;-source_recording_id]" time="0.004" /><testcase classname="gear_sonic.tests.test_g1_true23_generalist_corpus" name="test_rejects_invalid_provenance_and_contracts[&lt;lambda&gt;-source_revision]" time="0.002" /><testcase classname="gear_sonic.tests.test_g1_true23_generalist_corpus" name="test_rejects_invalid_provenance_and_contracts[&lt;lambda&gt;-same source]" time="0.002" /><testcase classname="gear_sonic.tests.test_g1_true23_generalist_corpus" name="test_rejects_invalid_provenance_and_contracts[&lt;lambda&gt;-duplicate recording]" time="0.003" /><testcase classname="gear_sonic.tests.test_g1_true23_generalist_corpus" name="test_rejects_invalid_provenance_and_contracts[&lt;lambda&gt;-duplicate asset]" time="0.004" /><testcase classname="gear_sonic.tests.test_g1_true23_generalist_corpus" name="test_rejects_invalid_provenance_and_contracts[&lt;lambda&gt;-identical motion content]" time="0.004" /><testcase classname="gear_sonic.tests.test_g1_true23_generalist_corpus" name="test_rejects_invalid_provenance_and_contracts[&lt;lambda&gt;-unknown recording]" time="0.004" /><testcase classname="gear_sonic.tests.test_g1_true23_generalist_corpus" name="test_rejects_invalid_provenance_and_contracts[&lt;lambda&gt;-transform]" time="0.004" /><testcase classname="gear_sonic.tests.test_g1_true23_generalist_corpus" name="test_rejects_invalid_provenance_and_contracts[&lt;lambda&gt;-joint_names]" time="0.004" /><testcase classname="gear_sonic.tests.test_g1_true23_generalist_corpus" name="test_rejects_invalid_provenance_and_contracts[&lt;lambda&gt;-duplicates]" time="0.004" /><testcase classname="gear_sonic.tests.test_g1_true23_generalist_corpus" name="test_rejects_invalid_provenance_and_contracts[&lt;lambda&gt;-finite]" time="0.005" /><testcase classname="gear_sonic.tests.test_g1_true23_generalist_corpus" name="test_rejects_invalid_provenance_and_contracts[&lt;lambda&gt;-positive]" time="0.004" /><testcase classname="gear_sonic.tests.test_g1_true23_generalist_corpus" name="test_rejects_invalid_provenance_and_contracts[&lt;lambda&gt;-integer]" time="0.004" /><testcase classname="gear_sonic.tests.test_g1_true23_generalist_corpus" name="test_rejects_invalid_provenance_and_contracts[&lt;lambda&gt;-nonnegative]" time="0.004" /><testcase classname="gear_sonic.tests.test_g1_true23_generalist_corpus" name="test_rejects_invalid_provenance_and_contracts[&lt;lambda&gt;-sampling]" time="0.004" /><testcase classname="gear_sonic.tests.test_g1_true23_generalist_corpus" name="test_rejects_invalid_provenance_and_contracts[&lt;lambda&gt;-SHA256]" time="0.005" /><testcase classname="gear_sonic.tests.test_g1_true23_generalist_corpus" name="test_rejects_invalid_provenance_and_contracts[&lt;lambda&gt;-original_asset_id]" time="0.004" /><testcase classname="gear_sonic.tests.test_g1_true23_generalist_corpus" name="test_changed_motion_and_evidence_rejected" time="0.005" /><testcase classname="gear_sonic.tests.test_g1_true23_generalist_corpus" name="test_duplicate_bytes_with_distinct_paths_rejected" time="0.004" /><testcase classname="gear_sonic.tests.test_g1_true23_generalist_corpus" name="test_declared_split_conflict_rejected[recordings]" time="0.004" /><testcase classname="gear_sonic.tests.test_g1_true23_generalist_corpus" name="test_declared_split_conflict_rejected[assets]" time="0.004" /><testcase classname="gear_sonic.tests.test_g1_true23_generalist_corpus" name="test_invalid_derivative_lineage_rejected[unknown-known parent]" time="0.004" /><testcase classname="gear_sonic.tests.test_g1_true23_generalist_corpus" name="test_invalid_derivative_lineage_rejected[original-00001-crosses original]" time="0.005" /><testcase classname="gear_sonic.tests.test_g1_true23_generalist_corpus" name="test_invalid_derivative_lineage_rejected[derived-mirror-cyclic]" time="0.005" /><testcase classname="gear_sonic.tests.test_g1_true23_generalist_corpus" name="test_invalid_derivative_lineage_rejected[parent3-parent_asset_id]" time="0.005" /><testcase classname="gear_sonic.tests.test_g1_true23_generalist_corpus" name="test_second_original_cannot_masquerade_as_independent" time="0.005" /><testcase classname="gear_sonic.tests.test_g1_true23_generalist_corpus" name="test_crop_requires_precise_parent_bounds[parameters0]" time="0.004" /><testcase classname="gear_sonic.tests.test_g1_true23_generalist_corpus" name="test_crop_requires_precise_parent_bounds[parameters1]" time="0.007" /><testcase classname="gear_sonic.tests.test_g1_true23_generalist_corpus" name="test_crop_requires_precise_parent_bounds[parameters2]" time="0.007" /><testcase classname="gear_sonic.tests.test_g1_true23_generalist_corpus" name="test_crop_requires_precise_parent_bounds[parameters3]" time="0.005" /><testcase classname="gear_sonic.tests.test_g1_true23_generalist_corpus" name="test_explicit_timestamps_hash_bound_without_false_shape_claim" time="0.005" /><testcase classname="gear_sonic.tests.test_g1_true23_generalist_corpus" name="test_quantity_gate_needs_100_independent_dances_and_other_families" time="0.262" /><testcase classname="gear_sonic.tests.test_g1_true23_generalist_corpus" name="test_inventory_never_deserializes_pickle_or_claims_motion_count" time="0.002" /><testcase classname="gear_sonic.tests.test_g1_true23_generalist_corpus" name="test_inventory_bounded_and_rejects_overlapping_roots" time="0.002" /><testcase classname="gear_sonic.tests.test_g1_true23_generalist_corpus" name="test_inventory_does_not_follow_symlink" time="0.002" /><testcase classname="gear_sonic.tests.test_g1_true23_generalist_corpus" name="test_cli_reports_missing_corpus_and_preserves_outputs" time="0.007" /><testcase classname="gear_sonic.tests.test_g1_true23_generalist_corpus" name="test_cli_rejects_invalid_json_without_loading_motion" time="0.003" /><testcase classname="gear_sonic.tests.test_g1_true23_generalist_corpus" name="test_canonical_digest_ignores_mapping_order_but_not_contents" time="0.001" /><testcase classname="gear_sonic.tests.test_g1_true23_generalist_protected_root" name="test_soc_signs_enforce_norm_not_more_objective_weight" time="0.003" /><testcase classname="gear_sonic.tests.test_g1_true23_generalist_protected_root" name="test_soc_infeasible_problem_returns_no_solution_or_relaxed_pose" time="0.002" /><testcase classname="gear_sonic.tests.test_g1_true23_generalist_protected_root" name="test_soc_invalid_radius_rejected[-1.0]" time="0.002" /><testcase classname="gear_sonic.tests.test_g1_true23_generalist_protected_root" name="test_soc_invalid_radius_rejected[nan]" time="0.002" /><testcase classname="gear_sonic.tests.test_g1_true23_generalist_protected_root" name="test_soc_invalid_radius_rejected[inf]" time="0.002" /><testcase classname="gear_sonic.tests.test_g1_true23_generalist_protected_root" name="test_norm_audit_reports_exact_overlapping_frame_categories" time="0.001" /><testcase classname="gear_sonic.tests.test_g1_true23_generalist_protected_root" name="test_restored_rejected_baselines_are_independently_recomputed" time="1.341" /><testcase classname="gear_sonic.tests.test_g1_true23_generalist_protected_root" name="test_tampered_retained_baseline_cannot_reset_com_budget" time="0.006" /><testcase classname="gear_sonic.tests.test_g1_true23_generalist_protected_root" name="test_task_soc_cost_norm_matches_original_per_frame_expert_budget" time="0.081" /><testcase classname="gear_sonic.tests.test_g1_true23_generalist_protected_root" name="test_actual_model_hard_refinement_keeps_all_original_gates" time="0.130" /><testcase classname="gear_sonic.tests.test_g1_true23_generalist_protected_root" name="test_changed_approved_configuration_rejected_before_solving" time="0.004" /><testcase classname="gear_sonic.tests.test_g1_true23_generalist_planned_trace" name="test_root_refinement_requests_exactly_one_approved_candidate" time="0.001" /><testcase classname="gear_sonic.tests.test_g1_true23_generalist_planned_trace" name="test_default_keeps_bounded_original_sweep_without_root_refinement" time="0.001" /><testcase classname="gear_sonic.tests.test_g1_true23_generalist_planned_trace" name="test_refinement_option_cannot_use_implicit_truthiness[None]" time="0.002" /><testcase classname="gear_sonic.tests.test_g1_true23_generalist_planned_trace" name="test_refinement_option_cannot_use_implicit_truthiness[0]" time="0.001" /><testcase classname="gear_sonic.tests.test_g1_true23_generalist_planned_trace" name="test_refinement_option_cannot_use_implicit_truthiness[1]" time="0.001" /><testcase classname="gear_sonic.tests.test_g1_true23_generalist_planned_trace" name="test_refinement_option_cannot_use_implicit_truthiness[true]" time="0.001" /><testcase classname="gear_sonic.tests.test_g1_true23_generalist_lifecycle" name="test_every_source_frame_and_channel_retained_exactly" time="0.714" /><testcase classname="gear_sonic.tests.test_g1_true23_generalist_lifecycle" name="test_phase_controls_partition_complete_timeline" time="0.490" /><testcase classname="gear_sonic.tests.test_g1_true23_generalist_lifecycle" name="test_lifecycle_phase_accounting_never_credits_unexecuted_frames[0]" time="0.386" /><testcase classname="gear_sonic.tests.test_g1_true23_generalist_lifecycle" name="test_lifecycle_phase_accounting_never_credits_unexecuted_frames[249]" time="0.437" /><testcase classname="gear_sonic.tests.test_g1_true23_generalist_lifecycle" name="test_lifecycle_phase_accounting_never_credits_unexecuted_frames[250]" time="0.395" /><testcase classname="gear_sonic.tests.test_g1_true23_generalist_lifecycle" name="test_lifecycle_phase_accounting_never_credits_unexecuted_frames[300]" time="0.406" /><testcase classname="gear_sonic.tests.test_g1_true23_generalist_lifecycle" name="test_lifecycle_phase_accounting_never_credits_unexecuted_frames[350]" time="0.481" /><testcase classname="gear_sonic.tests.test_g1_true23_generalist_lifecycle" name="test_lifecycle_phase_accounting_never_credits_unexecuted_frames[351]" time="0.438" /><testcase classname="gear_sonic.tests.test_g1_true23_generalist_lifecycle" name="test_lifecycle_phase_accounting_never_credits_unexecuted_frames[896]" time="0.396" /><testcase classname="gear_sonic.tests.test_g1_true23_generalist_lifecycle" name="test_lifecycle_phase_accounting_never_credits_unexecuted_frames[1296]" time="0.428" /><testcase classname="gear_sonic.tests.test_g1_true23_generalist_lifecycle" name="test_reject_shortened_lifecycle_accounting" time="0.401" /><testcase classname="gear_sonic.tests.test_g1_true23_generalist_lifecycle" name="test_endpoint_standing_uses_planned_xy_heading_not_origin" time="0.002" /><testcase classname="gear_sonic.tests.test_g1_true23_generalist_lifecycle" name="test_endpoint_rejects_undefined_upright_heading" time="0.001" /><testcase classname="gear_sonic.tests.test_g1_true23_generalist_lifecycle" name="test_full_planned_endpoint_lifecycle_preserves_source_without_eight_metre_return" time="0.920" /><testcase classname="gear_sonic.tests.test_g1_true23_generalist_source_closure" name="test_transitive_imports_package_initializers_relative_imports_and_cycles" time="0.010" /><testcase classname="gear_sonic.tests.test_g1_true23_generalist_source_closure" name="test_literal_import_module_and_class_targets" time="0.006" /><testcase classname="gear_sonic.tests.test_g1_true23_generalist_source_closure" name="test_conditional_imports_and_package_all_are_conservatively_bound" time="0.004" /><testcase classname="gear_sonic.tests.test_g1_true23_generalist_source_closure" name="test_unresolved_aliased_import_sweeps_model_namespaces_not_unrelated_scripts" time="0.006" /><testcase classname="gear_sonic.tests.test_g1_true23_generalist_source_closure" name="test_both_initializer_paths_retained_and_helper_edit_changes_manifest" time="0.005" /><testcase classname="gear_sonic.tests.test_g1_true23_generalist_source_closure" name="test_order_is_deterministic_and_no_duplicate_import_entries" time="0.004" /><testcase classname="gear_sonic.tests.test_g1_true23_generalist_source_closure" name="test_roots_cannot_escape_or_include_tests_nonpython[../outside.py]" time="0.002" /><testcase classname="gear_sonic.tests.test_g1_true23_generalist_source_closure" name="test_roots_cannot_escape_or_include_tests_nonpython[gear_sonic/tests/test_bad.py]" time="0.002" /><testcase classname="gear_sonic.tests.test_g1_true23_generalist_source_closure" name="test_roots_cannot_escape_or_include_tests_nonpython[gear_sonic/not_python.json]" time="0.003" /><testcase classname="gear_sonic.tests.test_g1_true23_generalist_source_closure" name="test_missing_direct_import_and_file_budget_fail_closed" time="0.003" /><testcase classname="gear_sonic.tests.test_g1_true23_generalist_source_closure" name="test_real_generalist_closure_covers_reviewed_live_helpers_and_itself" time="13.210" /><testcase classname="gear_sonic.tests.test_g1_true23_generalist_source_closure" name="test_launcher_binds_closure_with_full_paths_not_basename_append" time="0.010" /><testcase classname="gear_sonic.tests.test_g1_true23_generalist_retarget" name="test_named_reordering_preserves_all_29_axes" time="0.559" /><testcase classname="gear_sonic.tests.test_g1_true23_generalist_retarget" name="test_requested_choreography_preserves_source_limit_excess_without_clipping" time="0.105" /><testcase classname="gear_sonic.tests.test_g1_true23_generalist_retarget" name="test_planned_trace_never_substitutes_recorded_policy_poses" time="0.002" /><testcase classname="gear_sonic.tests.test_g1_true23_generalist_retarget" name="test_boundary_rejects_ambiguous_or_incomplete_source[&lt;lambda&gt;-29_0]" time="0.002" /><testcase classname="gear_sonic.tests.test_g1_true23_generalist_retarget" name="test_boundary_rejects_ambiguous_or_incomplete_source[&lt;lambda&gt;-29_1]" time="0.001" /><testcase classname="gear_sonic.tests.test_g1_true23_generalist_retarget" name="test_boundary_rejects_ambiguous_or_incomplete_source[&lt;lambda&gt;-frames]" time="0.002" /><testcase classname="gear_sonic.tests.test_g1_true23_generalist_retarget" name="test_boundary_rejects_ambiguous_or_incomplete_source[&lt;lambda&gt;-fps]" time="0.002" /><testcase classname="gear_sonic.tests.test_g1_true23_generalist_retarget" name="test_boundary_rejects_ambiguous_or_incomplete_source[&lt;lambda&gt;-shapes]" time="0.002" /><testcase classname="gear_sonic.tests.test_g1_true23_generalist_retarget" name="test_boundary_rejects_ambiguous_or_incomplete_source[&lt;lambda&gt;-nonfinite]" time="0.002" /><testcase classname="gear_sonic.tests.test_g1_true23_generalist_retarget" name="test_boundary_rejects_ambiguous_or_incomplete_source[&lt;lambda&gt;-normalized]" time="0.002" /><testcase classname="gear_sonic.tests.test_g1_true23_generalist_retarget" name="test_boundary_rejects_ambiguous_or_incomplete_source[&lt;lambda&gt;-joint limits]" time="0.002" /><testcase classname="gear_sonic.tests.test_g1_true23_generalist_retarget" name="test_boundary_rejects_ambiguous_or_incomplete_source[&lt;lambda&gt;-timestamps]" time="0.002" /><testcase classname="gear_sonic.tests.test_g1_true23_generalist_retarget" name="test_boundary_rejects_ambiguous_or_incomplete_source[&lt;lambda&gt;-boolean]" time="0.002" /><testcase classname="gear_sonic.tests.test_g1_true23_generalist_retarget" name="test_configuration_cannot_silently_expand_adaptation[kwargs0]" time="0.002" /><testcase classname="gear_sonic.tests.test_g1_true23_generalist_retarget" name="test_configuration_cannot_silently_expand_adaptation[kwargs1]" time="0.001" /><testcase classname="gear_sonic.tests.test_g1_true23_generalist_retarget" name="test_configuration_cannot_silently_expand_adaptation[kwargs2]" time="0.001" /><testcase classname="gear_sonic.tests.test_g1_true23_generalist_retarget" name="test_configuration_cannot_silently_expand_adaptation[kwargs3]" time="0.001" /><testcase classname="gear_sonic.tests.test_g1_true23_generalist_retarget" name="test_configuration_cannot_silently_expand_adaptation[kwargs4]" time="0.001" /><testcase classname="gear_sonic.tests.test_g1_true23_generalist_retarget" name="test_configuration_cannot_silently_expand_adaptation[kwargs5]" time="0.001" /><testcase classname="gear_sonic.tests.test_g1_true23_generalist_retarget" name="test_configuration_cannot_silently_expand_adaptation[kwargs6]" time="0.001" /><testcase classname="gear_sonic.tests.test_g1_true23_generalist_retarget" name="test_full_source_endpoints_and_contact_timeline_survive_retime" time="0.003" /><testcase classname="gear_sonic.tests.test_g1_true23_generalist_retarget" name="test_joint_angle_reduction_is_not_treated_as_task_space_proof" time="0.004" /><testcase classname="gear_sonic.tests.test_g1_true23_generalist_retarget" name="test_static_task_cannot_drift_under_excursion_percentage" time="0.004" /><testcase classname="gear_sonic.tests.test_g1_true23_generalist_retarget" name="test_reduction_keeps_initial_pose_and_does_not_mutate_source" time="0.002" /><testcase classname="gear_sonic.tests.test_g1_true23_generalist_retarget" name="test_offline_lookahead_explicitly_rejected_for_live_input" time="0.001" /><testcase classname="gear_sonic.tests.test_g1_true23_generalist_retarget" name="test_real_models_use_all_23_actuators_and_preserve_complete_request" time="0.160" /><testcase classname="gear_sonic.tests.test_g1_true23_generalist_retarget" name="test_already_feasible_pose_does_not_require_artificial_improvement" time="0.116" /><testcase classname="gear_sonic.tests.test_g1_true23_generalist_retarget" name="test_real_unreachable_candidate_retains_failed_hand_metric" time="0.156" /><testcase classname="gear_sonic.tests.test_g1_true23_generalist_retarget" name="test_rejected_candidate_never_truncates_to_successful_prefix" time="0.002" /><testcase classname="gear_sonic.tests.test_g1_true23_generalist_retarget" name="test_cli_writes_hash_bound_named_motion_exclusively" time="1.237" /><testcase classname="gear_sonic.tests.test_g1_true23_generalist_retarget" name="test_cli_rejects_missing_named_joints_without_motion_output" time="1.104" /><testcase classname="gear_sonic.tests.test_g1_true23_generalist_retarget" name="test_missing_contacts_inferred_once_before_retiming" time="0.005" /><testcase classname="gear_sonic.tests.test_g1_true23_generalist_retarget" name="test_specific_whole_horizon_seed_failure_uses_full_all23_alternative" time="0.094" /><testcase classname="gear_sonic.tests.test_g1_true23_generalist_retarget" name="test_other_failures_do_not_trigger_strategy_fallback[acceleration constraint became infeasible]" time="0.008" /><testcase classname="gear_sonic.tests.test_g1_true23_generalist_retarget" name="test_other_failures_do_not_trigger_strategy_fallback[retarget result violates configured joint velocity limit]" time="0.008" /><testcase classname="gear_sonic.tests.test_g1_true23_generalist_retarget" name="test_other_failures_do_not_trigger_strategy_fallback[lower/root whole-horizon projection failed independent audit]" time="0.008" /><testcase classname="gear_sonic.tests.test_g1_true23_generalist_retarget" name="test_alternative_strategy_does_not_bypass_hand_fidelity_gate" time="0.094" /><testcase classname="gear_sonic.tests.test_g1_true23_generalist_retarget" name="test_native23_head_needs_root_reference_not_joint_only_weights" time="0.002" /><testcase classname="gear_sonic.tests.test_g1_true23_generalist_retarget" name="test_root_refinement_is_explicit_single_candidate_only" time="0.002" /><testcase classname="gear_sonic.tests.test_g1_true23_generalist_retarget" name="test_real_root_refinement_repairs_head_and_reaudits_serialized_full_path" time="0.556" /><testcase classname="gear_sonic.tests.test_g1_true23_generalist_retarget" name="test_failed_root_refinement_preserves_original_rejection_evidence" time="0.095" /><testcase classname="gear_sonic.tests.test_g1_true23_generalist_retarget" name="test_root_refinement_never_runs_on_already_forbidden_task_distortion" time="0.141" /><testcase classname="gear_sonic.tests.test_g1_true23_generalist_retarget" name="test_exact_protected_gate_categories_report_overlapping_frames" time="0.007" /><testcase classname="gear_sonic.tests.test_g1_true23_native_model_actuation" name="test_nominal_uses_full_effort_not_quarter_or_target_projection" time="0.011" /><testcase classname="gear_sonic.tests.test_g1_true23_native_model_actuation" name="test_saturation_is_motor_effort_not_target_rewrite" time="0.010" /><testcase classname="gear_sonic.tests.test_g1_true23_native_model_actuation" name="test_numpy_torch_identical_including_invalid_rows" time="0.325" /><testcase classname="gear_sonic.tests.test_g1_true23_native_model_actuation" name="test_profile_rejects_invalid_mechanics[kp-value0]" time="0.010" /><testcase classname="gear_sonic.tests.test_g1_true23_native_model_actuation" name="test_profile_rejects_invalid_mechanics[effort-value1]" time="0.011" /><testcase classname="gear_sonic.tests.test_g1_true23_native_model_actuation" name="test_profile_rejects_invalid_mechanics[kd-value2]" time="0.011" /><testcase classname="gear_sonic.tests.test_g1_true23_native_model_actuation" name="test_profile_rejects_invalid_mechanics[decimation-5]" time="0.010" /><testcase classname="gear_sonic.tests.test_g1_true23_native_model_actuation" name="test_shape_mismatch_rejected" time="0.010" /><testcase classname="gear_sonic.tests.test_verify_g1_true23_root_feedback_update" name="test_complete_update_partition_and_bounds" time="0.004" /><testcase classname="gear_sonic.tests.test_verify_g1_true23_root_feedback_update" name="test_missing_training_checks_stay_failed[unchanged_decoder]" time="0.003" /><testcase classname="gear_sonic.tests.test_verify_g1_true23_root_feedback_update" name="test_missing_training_checks_stay_failed[changed_encoder]" time="0.004" /><testcase classname="gear_sonic.tests.test_verify_g1_true23_root_feedback_update" name="test_missing_training_checks_stay_failed[unchanged_conditioner]" time="0.003" /><testcase classname="gear_sonic.tests.test_verify_g1_true23_root_feedback_update" name="test_missing_training_checks_stay_failed[nonzero_initial_conditioner]" time="0.003" /><testcase classname="gear_sonic.tests.test_verify_g1_true23_root_feedback_update" name="test_unknown_or_nonfinite_state_rejected" time="0.005" /><testcase classname="gear_sonic.tests.test_verify_g1_true23_root_feedback_update" name="test_real_actor_sensitivity_zero_then_nonzero_without_qualification" time="14.797" /><testcase classname="gear_sonic.tests.test_verify_g1_true23_root_feedback_update" name="test_nonfinite_critic_or_optimizer_rejected[critic]" time="0.002" /><testcase classname="gear_sonic.tests.test_verify_g1_true23_root_feedback_update" name="test_nonfinite_critic_or_optimizer_rejected[optimizer_tensor]" time="0.002" /><testcase classname="gear_sonic.tests.test_verify_g1_true23_root_feedback_update" name="test_nonfinite_critic_or_optimizer_rejected[optimizer_scalar]" time="0.020" /><testcase classname="gear_sonic.tests.test_verify_g1_true23_root_feedback_continuation" name="test_exact_continuation_tree_preserves_tensor_dtype_values_groups_and_counters" time="0.001" /><testcase classname="gear_sonic.tests.test_train_g1_true23_root_feedback" name="test_regression_explicitly_distinct_from_smoke_and_production" time="0.027" /><testcase classname="gear_sonic.tests.test_train_g1_true23_root_feedback" name="test_regression_bounds[extra0]" time="0.005" /><testcase classname="gear_sonic.tests.test_train_g1_true23_root_feedback" name="test_regression_bounds[extra1]" time="0.005" /><testcase classname="gear_sonic.tests.test_train_g1_true23_root_feedback" name="test_regression_bounds[extra2]" time="0.005" /><testcase classname="gear_sonic.tests.test_train_g1_true23_root_feedback" name="test_regression_bounds[extra3]" time="0.005" /><testcase classname="gear_sonic.tests.test_train_g1_true23_root_feedback" name="test_regression_bounds[extra4]" time="0.005" /><testcase classname="gear_sonic.tests.test_train_g1_true23_root_feedback" name="test_regression_bounds[extra5]" time="0.005" /><testcase classname="gear_sonic.tests.test_train_g1_true23_root_feedback" name="test_regression_bounds[extra6]" time="0.005" /><testcase classname="gear_sonic.tests.test_train_g1_true23_root_feedback" name="test_regression_bounds[extra7]" time="0.005" /><testcase classname="gear_sonic.tests.test_train_g1_true23_root_feedback" name="test_regression_bounds[extra8]" time="0.006" /><testcase classname="gear_sonic.tests.test_train_g1_true23_root_feedback" name="test_smoke_retains_two_update_bound" time="0.009" /><testcase classname="gear_sonic.tests.test_train_g1_true23_root_feedback" name="test_training_retains_audited_mode_and_separate_outputs" time="0.006" /><testcase classname="gear_sonic.tests.test_train_g1_true23_root_feedback" name="test_campaign_requires_evaluated_parent_and_retains_short_sessions" time="0.011" /><testcase classname="gear_sonic.tests.test_train_g1_true23_root_feedback" name="test_campaign_limits_and_explicit_continuation[extra0]" time="0.005" /><testcase classname="gear_sonic.tests.test_train_g1_true23_root_feedback" name="test_campaign_limits_and_explicit_continuation[extra1]" time="0.005" /><testcase classname="gear_sonic.tests.test_train_g1_true23_root_feedback" name="test_campaign_limits_and_explicit_continuation[extra2]" time="0.005" /><testcase classname="gear_sonic.tests.test_train_g1_true23_root_feedback" name="test_production_cannot_use_local_continuation_switch" time="0.005" /><testcase classname="gear_sonic.tests.test_train_g1_true23_generalist_curriculum" name="test_transfer_contract_distinguishes_fresh_optimizer" time="0.208" /><testcase classname="gear_sonic.tests.test_train_g1_true23_generalist_curriculum" name="test_production_stage_transfer_rejects_different_or_unknown_split[None]" time="0.002" /><testcase classname="gear_sonic.tests.test_train_g1_true23_generalist_curriculum" name="test_production_stage_transfer_rejects_different_or_unknown_split[audit1]" time="0.002" /><testcase classname="gear_sonic.tests.test_train_g1_true23_generalist_curriculum" name="test_untrained_parent_not_a_curriculum_continuation" time="0.002" /><testcase classname="gear_sonic.tests.test_train_g1_true23_generalist_curriculum" name="test_parent_transfer_copies_actor_only" time="0.375" /><testcase classname="gear_sonic.tests.test_train_g1_true23_generalist_curriculum" name="test_parent_transfer_refuses_nonfresh_optimizer" time="0.199" /><testcase classname="gear_sonic.tests.test_train_g1_true23_generalist_curriculum" name="test_parent_hash_change_rejected_before_loading" time="0.190" /><testcase classname="gear_sonic.tests.test_train_g1_true23_generalist_curriculum" name="test_no_parent_is_explicit_released_initialization" time="0.001" /><testcase classname="gear_sonic.tests.test_train_g1_true23_generalist" name="test_regression_corpus_can_only_be_smoke" time="0.005" /><testcase classname="gear_sonic.tests.test_train_g1_true23_generalist" name="test_span_rejection[gap]" time="0.003" /><testcase classname="gear_sonic.tests.test_train_g1_true23_generalist" name="test_span_rejection[overlap]" time="0.003" /><testcase classname="gear_sonic.tests.test_train_g1_true23_generalist" name="test_span_rejection[short]" time="0.003" /><testcase classname="gear_sonic.tests.test_train_g1_true23_generalist" name="test_span_rejection[total]" time="0.003" /><testcase classname="gear_sonic.tests.test_train_g1_true23_generalist" name="test_span_rejection[fps]" time="0.003" /><testcase classname="gear_sonic.tests.test_train_g1_true23_generalist" name="test_nonfinite_motion_rejected" time="0.005" /><testcase classname="gear_sonic.tests.test_train_g1_true23_generalist" name="test_nominal_environment_has_exact_motor_contract" time="0.158" /><testcase classname="gear_sonic.tests.test_native23_root_feedback_runner" name="test_conditioner_optimizer_group_is_complete_and_disjoint" time="14.951" /><testcase classname="gear_sonic.tests.test_native23_root_feedback_runner" name="test_root_checkpoint_roundtrip_retains_conditioner_optimizer[legacy_uniform]" time="7.465" /><testcase classname="gear_sonic.tests.test_native23_root_feedback_runner" name="test_root_checkpoint_roundtrip_retains_conditioner_optimizer[feedback_priority]" time="7.139" /><testcase classname="gear_sonic.tests.test_native23_root_feedback_runner" name="test_bad_root_checkpoint_rejected[old_header]" time="0.597" /><testcase classname="gear_sonic.tests.test_native23_root_feedback_runner" name="test_bad_root_checkpoint_rejected[missing_conditioner]" time="0.607" /><testcase classname="gear_sonic.tests.test_native23_root_feedback_runner" name="test_bad_root_checkpoint_rejected[root_group]" time="1.130" /><testcase classname="gear_sonic.tests.test_native23_root_feedback_runner" name="test_bad_root_checkpoint_rejected[root_group_empty]" time="1.159" /><testcase classname="gear_sonic.tests.test_native23_root_feedback_runner" name="test_bad_root_checkpoint_rejected[swapped_parameter]" time="1.292" /><testcase classname="gear_sonic.tests.test_native23_root_feedback_runner" name="test_bad_root_checkpoint_rejected[lineage]" time="1.151" /><testcase classname="gear_sonic.tests.test_native23_root_feedback_runner" name="test_bad_root_checkpoint_rejected[counter]" time="1.151" /><testcase classname="gear_sonic.tests.test_native23_root_feedback_runner" name="test_bad_root_checkpoint_rejected[critic]" time="1.072" /><testcase classname="gear_sonic.tests.test_native23_root_feedback_runner" name="test_poisoned_runner_cannot_resume_or_save" time="0.029" /><testcase classname="gear_sonic.tests.test_native23_root_feedback_runner" name="test_feedback_priority_rates_are_explicit_and_differential" time="0.001" /><testcase classname="gear_sonic.tests.test_native23_root_feedback_runner" name="test_legacy_uniform_rate_contract_retained" time="0.001" /><testcase classname="gear_sonic.tests.test_native23_root_feedback_runner" name="test_nonfinite_critic_is_rejected_before_digest_comparison[nan]" time="1.035" /><testcase classname="gear_sonic.tests.test_native23_root_feedback_runner" name="test_nonfinite_critic_is_rejected_before_digest_comparison[inf]" time="1.079" /><testcase classname="gear_sonic.tests.test_native23_root_feedback_runner" name="test_nonfinite_critic_is_rejected_before_digest_comparison[-inf]" time="1.085" /><testcase classname="gear_sonic.tests.test_native23_root_feedback_runner" name="test_unbound_checkpoint_learning_rate_is_rejected" time="1.125" /><testcase classname="gear_sonic.tests.test_native23_root_feedback_runner" name="test_evaluated_continuation_preserves_full_state_but_binds_new_lineage" time="8.770" /><testcase classname="gear_sonic.tests.test_native23_root_feedback_export" name="test_export_requires_distinct_root_and_original_sonic_semantics" time="2.335" /><testcase classname="gear_sonic.tests.test_native23_root_feedback_export" name="test_reject_even_rehashed_wrong_semantic_contract[old_header]" time="0.002" /><testcase classname="gear_sonic.tests.test_native23_root_feedback_export" name="test_reject_even_rehashed_wrong_semantic_contract[root_width]" time="0.002" /><testcase classname="gear_sonic.tests.test_native23_root_feedback_export" name="test_reject_even_rehashed_wrong_semantic_contract[root_frame]" time="0.002" /><testcase classname="gear_sonic.tests.test_native23_root_feedback_export" name="test_reject_even_rehashed_wrong_semantic_contract[velocity]" time="0.002" /><testcase classname="gear_sonic.tests.test_native23_root_feedback_export" name="test_reject_even_rehashed_wrong_semantic_contract[architecture]" time="0.002" /><testcase classname="gear_sonic.tests.test_native23_root_feedback_export" name="test_reject_even_rehashed_wrong_semantic_contract[promotion]" time="0.002" /><testcase classname="gear_sonic.tests.test_native23_root_feedback_export" name="test_reject_even_rehashed_wrong_semantic_contract[future]" time="0.002" /><testcase classname="gear_sonic.tests.test_native23_root_feedback_export" name="test_export_wrapper_exactly_matches_training_path_with_nonzero_conditioner" time="13.064" /><testcase classname="gear_sonic.tests.test_native23_root_feedback_export" name="test_real_two_input_onnx_parity_and_no_single_input_drop" time="0.690" /><testcase classname="gear_sonic.tests.test_native23_root_feedback_export" name="test_existing_export_directory_rejected_before_checkpoint_read" time="0.007" /><testcase classname="gear_sonic.tests.test_native23_root_feedback_actor" name="test_zero_conditioner_preserves_exact_base_mean_for_arbitrary_feedback" time="12.777" /><testcase classname="gear_sonic.tests.test_native23_root_feedback_actor" name="test_nonzero_root_conditioner_changes_action_not_frozen_token" time="0.039" /><testcase classname="gear_sonic.tests.test_native23_root_feedback_actor" name="test_all_decoder_and_conditioner_gradients_nonzero_encoder_frozen" time="0.482" /><testcase classname="gear_sonic.tests.test_native23_root_feedback_actor" name="test_group_partition_and_rsl_distribution" time="0.044" /><testcase classname="gear_sonic.tests.test_native23_root_feedback_actor" name="test_absent_motor_slots_still_cannot_influence_action" time="0.034" /><testcase classname="gear_sonic.tests.test_native23_root_feedback_actor" name="test_nonfinite_feedback_rejected[nan]" time="0.002" /><testcase classname="gear_sonic.tests.test_native23_root_feedback_actor" name="test_nonfinite_feedback_rejected[inf]" time="0.001" /><testcase classname="gear_sonic.tests.test_native23_root_feedback_actor" name="test_nonfinite_feedback_rejected[-inf]" time="0.001" /><testcase classname="gear_sonic.tests.test_native23_root_feedback_actor" name="test_feedback_shape_rejected[shape0]" time="0.001" /><testcase classname="gear_sonic.tests.test_native23_root_feedback_actor" name="test_feedback_shape_rejected[shape1]" time="0.001" /><testcase classname="gear_sonic.tests.test_native23_root_feedback_actor" name="test_feedback_shape_rejected[shape2]" time="0.001" /><testcase classname="gear_sonic.tests.test_native23_root_feedback_actor" name="test_legacy_policy_export_rejected" time="0.001" /><testcase classname="gear_sonic.tests.test_native23_root_feedback_actor" name="test_base_transfer_preserves_trained_decoder_noise_and_zero_conditioner" time="3.879" /><testcase classname="gear_sonic.tests.test_native23_root_feedback_actor" name="test_bad_base_transfer_rejected_without_partial_copy[encoder]" time="2.992" /><testcase classname="gear_sonic.tests.test_native23_root_feedback_actor" name="test_bad_base_transfer_rejected_without_partial_copy[hash]" time="1.966" /><testcase classname="gear_sonic.tests.test_native23_root_feedback_actor" name="test_bad_base_transfer_rejected_without_partial_copy[contract]" time="1.734" /><testcase classname="gear_sonic.tests.test_native23_root_feedback_actor" name="test_bad_base_transfer_rejected_without_partial_copy[missing]" time="1.787" /><testcase classname="gear_sonic.tests.test_native23_root_feedback_actor" name="test_bad_base_transfer_rejected_without_partial_copy[nan]" time="1.774" /><testcase classname="gear_sonic.tests.test_native23_root_feedback_actor" name="test_trained_conditioner_cannot_be_erased_by_base_transfer" time="0.807" /><testcase classname="gear_sonic.tests.test_native23_root_feedback_actor" name="test_versioned_artifact_roundtrip_includes_conditioner" time="2.524" /><testcase classname="gear_sonic.tests.test_native23_generalist_runner" name="test_optimizer_has_all_decoder_noise_critic_and_no_encoder" time="12.762" /><testcase classname="gear_sonic.tests.test_native23_generalist_runner" name="test_actual_raw_std_optimizer_checkpoint_exact_roundtrip" time="5.929" /><testcase classname="gear_sonic.tests.test_native23_generalist_runner" name="test_checkpoint_rejects_contract_counter_lineage_optimizer_corruption[header]" time="0.546" /><testcase classname="gear_sonic.tests.test_native23_generalist_runner" name="test_checkpoint_rejects_contract_counter_lineage_optimizer_corruption[extra]" time="0.542" /><testcase classname="gear_sonic.tests.test_native23_generalist_runner" name="test_checkpoint_rejects_contract_counter_lineage_optimizer_corruption[counter]" time="0.987" /><testcase classname="gear_sonic.tests.test_native23_generalist_runner" name="test_checkpoint_rejects_contract_counter_lineage_optimizer_corruption[lineage]" time="0.998" /><testcase classname="gear_sonic.tests.test_native23_generalist_runner" name="test_checkpoint_rejects_contract_counter_lineage_optimizer_corruption[critic_hash]" time="0.981" /><testcase classname="gear_sonic.tests.test_native23_generalist_runner" name="test_checkpoint_rejects_contract_counter_lineage_optimizer_corruption[group]" time="0.979" /><testcase classname="gear_sonic.tests.test_native23_generalist_runner" name="test_checkpoint_rejects_contract_counter_lineage_optimizer_corruption[optimizer_nan]" time="1.025" /><testcase classname="gear_sonic.tests.test_native23_generalist_runner" name="test_old_or_partial_resume_and_poisoned_runner_rejected" time="0.978" /><testcase classname="gear_sonic.tests.test_native23_generalist_runner" name="test_optimizer_drift_detected_before_checkpoint" time="0.082" /><testcase classname="gear_sonic.tests.test_native23_generalist_runner" name="test_initial_network_validation_allows_only_explicit_noise_reinitialization" time="0.912" /><testcase classname="gear_sonic.tests.test_native23_generalist_export" name="test_export_recovers_causal_semantics_from_validated_lineage" time="2.240" /><testcase classname="gear_sonic.tests.test_native23_generalist_export" name="test_no_future_or_nonfrozen_source_relabel_even_with_rehashed_lineage[missing_semantics]" time="0.003" /><testcase classname="gear_sonic.tests.test_native23_generalist_export" name="test_no_future_or_nonfrozen_source_relabel_even_with_rehashed_lineage[future_profile]" time="0.002" /><testcase classname="gear_sonic.tests.test_native23_generalist_export" name="test_no_future_or_nonfrozen_source_relabel_even_with_rehashed_lineage[future_samples]" time="0.002" /><testcase classname="gear_sonic.tests.test_native23_generalist_export" name="test_no_future_or_nonfrozen_source_relabel_even_with_rehashed_lineage[missing_generalist]" time="0.002" /><testcase classname="gear_sonic.tests.test_native23_generalist_export" name="test_no_future_or_nonfrozen_source_relabel_even_with_rehashed_lineage[different_source]" time="0.002" /><testcase classname="gear_sonic.tests.test_native23_generalist_export" name="test_no_future_or_nonfrozen_source_relabel_even_with_rehashed_lineage[encoder_trainable]" time="0.002" /><testcase classname="gear_sonic.tests.test_native23_generalist_export" name="test_no_future_or_nonfrozen_source_relabel_even_with_rehashed_lineage[deployment_claim]" time="0.002" /><testcase classname="gear_sonic.tests.test_native23_generalist_export" name="test_decoder_export_applies_exact_training_mask_for_all_input_values" time="0.324" /><testcase classname="gear_sonic.tests.test_native23_generalist_export" name="test_encoder_export_keeps_released_fsq_rounding" time="0.006" /><testcase classname="gear_sonic.tests.test_native23_generalist_export" name="test_existing_export_directory_rejected_before_checkpoint_read" time="0.002" /><testcase classname="gear_sonic.tests.test_native23_generalist_actor" name="test_real_paired_release_exact_initial_network_and_23_rows" time="13.064" /><testcase classname="gear_sonic.tests.test_native23_generalist_actor" name="test_every_decoder_layer_receives_gradient_encoder_does_not" time="0.199" /><testcase classname="gear_sonic.tests.test_native23_generalist_actor" name="test_exact_fsq_grid_and_absent_proprioception_slots_cannot_influence_action" time="0.035" /><testcase classname="gear_sonic.tests.test_native23_generalist_actor" name="test_rsl_interface_and_trainable_parameter_partition" time="0.047" /><testcase classname="gear_sonic.tests.test_native23_generalist_actor" name="test_exploration_remains_bounded_for_finite_raw_parameter[-1e+30]" time="0.001" /><testcase classname="gear_sonic.tests.test_native23_generalist_actor" name="test_exploration_remains_bounded_for_finite_raw_parameter[-100]" time="0.002" /><testcase classname="gear_sonic.tests.test_native23_generalist_actor" name="test_exploration_remains_bounded_for_finite_raw_parameter[0]" time="0.001" /><testcase classname="gear_sonic.tests.test_native23_generalist_actor" name="test_exploration_remains_bounded_for_finite_raw_parameter[100]" time="0.001" /><testcase classname="gear_sonic.tests.test_native23_generalist_actor" name="test_exploration_remains_bounded_for_finite_raw_parameter[1e+30]" time="0.001" /><testcase classname="gear_sonic.tests.test_native23_generalist_actor" name="test_nonfinite_exploration_fails_closed[nan]" time="0.001" /><testcase classname="gear_sonic.tests.test_native23_generalist_actor" name="test_nonfinite_exploration_fails_closed[inf]" time="0.001" /><testcase classname="gear_sonic.tests.test_native23_generalist_actor" name="test_nonfinite_exploration_fails_closed[-inf]" time="0.001" /><testcase classname="gear_sonic.tests.test_native23_generalist_actor" name="test_bad_std_settings_rejected[settings0]" time="0.001" /><testcase classname="gear_sonic.tests.test_native23_generalist_actor" name="test_bad_std_settings_rejected[settings1]" time="0.001" /><testcase classname="gear_sonic.tests.test_native23_generalist_actor" name="test_bad_std_settings_rejected[settings2]" time="0.001" /><testcase classname="gear_sonic.tests.test_native23_generalist_actor" name="test_bad_std_settings_rejected[settings3]" time="0.001" /><testcase classname="gear_sonic.tests.test_native23_generalist_actor" name="test_bad_std_settings_rejected[settings4]" time="0.002" /><testcase classname="gear_sonic.tests.test_native23_generalist_actor" name="test_bad_std_settings_rejected[settings5]" time="0.001" /><testcase classname="gear_sonic.tests.test_native23_generalist_actor" name="test_bad_std_settings_rejected[settings6]" time="0.001" /><testcase classname="gear_sonic.tests.test_native23_generalist_actor" name="test_distribution_requires_update_and_does_not_set_global_torch_validation" time="0.001" /><testcase classname="gear_sonic.tests.test_native23_generalist_actor" name="test_invalid_actor_configuration_rejected_before_source_loading[change0]" time="0.001" /><testcase classname="gear_sonic.tests.test_native23_generalist_actor" name="test_invalid_actor_configuration_rejected_before_source_loading[change1]" time="0.001" /><testcase classname="gear_sonic.tests.test_native23_generalist_actor" name="test_invalid_actor_configuration_rejected_before_source_loading[change2]" time="0.001" /><testcase classname="gear_sonic.tests.test_native23_generalist_actor" name="test_invalid_actor_configuration_rejected_before_source_loading[change3]" time="0.001" /><testcase classname="gear_sonic.tests.test_native23_generalist_actor" name="test_invalid_actor_configuration_rejected_before_source_loading[change4]" time="0.001" /><testcase classname="gear_sonic.tests.test_native23_generalist_actor" name="test_invalid_actor_configuration_rejected_before_source_loading[change5]" time="0.001" /><testcase classname="gear_sonic.tests.test_native23_generalist_actor" name="test_invalid_actor_configuration_rejected_before_source_loading[change6]" time="0.001" /><testcase classname="gear_sonic.tests.test_native23_generalist_actor" name="test_routed_observation_and_invalid_width" time="0.034" /><testcase classname="gear_sonic.tests.test_native23_generalist_actor" name="test_unqualified_deployment_export_rejected[as_jit]" time="0.001" /><testcase classname="gear_sonic.tests.test_native23_generalist_actor" name="test_unqualified_deployment_export_rejected[as_onnx]" time="0.002" /><testcase classname="gear_sonic.tests.test_native23_generalist_actor" name="test_artifact_exact_roundtrip_and_rejects_rehashed_frozen_encoder_changes" time="2.110" /><testcase classname="gear_sonic.tests.test_native23_generalist_actor" name="test_invalid_artifacts_rejected_before_copy[contract]" time="0.482" /><testcase classname="gear_sonic.tests.test_native23_generalist_actor" name="test_invalid_artifacts_rejected_before_copy[missing_key]" time="0.488" /><testcase classname="gear_sonic.tests.test_native23_generalist_actor" name="test_invalid_artifacts_rejected_before_copy[extra_key]" time="0.462" /><testcase classname="gear_sonic.tests.test_native23_generalist_actor" name="test_invalid_artifacts_rejected_before_copy[hash]" time="0.905" /><testcase classname="gear_sonic.tests.test_native23_generalist_actor" name="test_invalid_artifacts_rejected_before_copy[shape]" time="0.467" /><testcase classname="gear_sonic.tests.test_native23_generalist_actor" name="test_invalid_artifacts_rejected_before_copy[dtype]" time="0.486" /><testcase classname="gear_sonic.tests.test_native23_generalist_actor" name="test_invalid_artifacts_rejected_before_copy[nan]" time="0.484" /><testcase classname="gear_sonic.tests.test_native23_generalist_actor" name="test_trained_or_relabelled_warm_start_rejected_before_source_read" time="0.639" /><testcase classname="gear_sonic.tests.test_g1_true23_root_feedback_environment" name="test_world_reference_uses_current_proof_and_backward_velocity_only" time="0.003" /><testcase classname="gear_sonic.tests.test_g1_true23_root_feedback_environment" name="test_targets_stay_world_fixed_and_displacement_changes_observation_and_cost" time="0.003" /><testcase classname="gear_sonic.tests.test_g1_true23_root_feedback_environment" name="test_missing_proof_rejected" time="0.001" /><testcase classname="gear_sonic.tests.test_g1_true23_root_feedback_environment" name="test_every_tracking_reward_uses_q10_and_ignores_future_and_npz_velocity[q10_root_position_reward]" time="0.036" /><testcase classname="gear_sonic.tests.test_g1_true23_root_feedback_environment" name="test_every_tracking_reward_uses_q10_and_ignores_future_and_npz_velocity[q10_root_orientation_reward]" time="0.019" /><testcase classname="gear_sonic.tests.test_g1_true23_root_feedback_environment" name="test_every_tracking_reward_uses_q10_and_ignores_future_and_npz_velocity[q10_body_position_reward]" time="0.002" /><testcase classname="gear_sonic.tests.test_g1_true23_root_feedback_environment" name="test_every_tracking_reward_uses_q10_and_ignores_future_and_npz_velocity[q10_body_orientation_reward]" time="0.003" /><testcase classname="gear_sonic.tests.test_g1_true23_root_feedback_environment" name="test_every_tracking_reward_uses_q10_and_ignores_future_and_npz_velocity[q10_body_linear_velocity_reward]" time="0.003" /><testcase classname="gear_sonic.tests.test_g1_true23_root_feedback_environment" name="test_every_tracking_reward_uses_q10_and_ignores_future_and_npz_velocity[q10_body_angular_velocity_reward]" time="0.003" /><testcase classname="gear_sonic.tests.test_g1_true23_root_feedback_environment" name="test_every_tracking_reward_uses_q10_and_ignores_future_and_npz_velocity[q10_joint_position_reward]" time="0.002" /><testcase classname="gear_sonic.tests.test_g1_true23_root_feedback_environment" name="test_every_tracking_reward_uses_q10_and_ignores_future_and_npz_velocity[q10_joint_velocity_reward]" time="0.002" /><testcase classname="gear_sonic.tests.test_g1_true23_root_feedback_environment" name="test_action_target_and_termination_wrappers_preserve_q9_properties" time="0.005" /><testcase classname="gear_sonic.tests.test_g1_true23_root_feedback_environment" name="test_backward_angular_velocity_is_world_frame_and_quaternion_sign_invariant" time="0.003" /><testcase classname="gear_sonic.tests.test_g1_true23_root_feedback_environment" name="test_real_active_configuration_has_q10_targets_preserves_weights_and_physical_terms" time="0.003" /><testcase classname="gear_sonic.tests.test_g1_true23_root_feedback_environment" name="test_unknown_reference_objective_fails_closed" time="0.001" /><testcase classname="gear_sonic.tests.test_g1_true23_root_feedback_environment" name="test_objective_contract_distinguishes_held_reference_from_future_reward" time="0.001" /><testcase classname="gear_sonic.tests.test_g1_true23_root_feedback_campaign" name="test_failed_evaluation_retains_failure_not_a_promotion" time="0.001" /><testcase classname="gear_sonic.tests.test_g1_true23_root_feedback_campaign" name="test_invalid_continuation_evidence_rejected[checkpoint]" time="0.001" /><testcase classname="gear_sonic.tests.test_g1_true23_root_feedback_campaign" name="test_invalid_continuation_evidence_rejected[actor]" time="0.002" /><testcase classname="gear_sonic.tests.test_g1_true23_root_feedback_campaign" name="test_invalid_continuation_evidence_rejected[count]" time="0.001" /><testcase classname="gear_sonic.tests.test_g1_true23_root_feedback_campaign" name="test_invalid_continuation_evidence_rejected[missing_case]" time="0.001" /><testcase classname="gear_sonic.tests.test_g1_true23_root_feedback_campaign" name="test_invalid_continuation_evidence_rejected[prefix]" time="0.001" /><testcase classname="gear_sonic.tests.test_g1_true23_root_feedback_campaign" name="test_invalid_continuation_evidence_rejected[reset]" time="0.001" /><testcase classname="gear_sonic.tests.test_g1_true23_root_feedback_campaign" name="test_invalid_continuation_evidence_rejected[physics]" time="0.001" /><testcase classname="gear_sonic.tests.test_g1_true23_root_feedback_campaign" name="test_invalid_continuation_evidence_rejected[hardware]" time="0.001" /><testcase classname="gear_sonic.tests.test_g1_true23_root_feedback_benchmark" name="test_no_force_adapter_preserves_exact_existing_default_physics" time="1.131" /><testcase classname="gear_sonic.tests.test_g1_true23_root_feedback_benchmark" name="test_root_runtime_uses_current_yaw_q10_proof_and_matches_torch" time="0.002" /><testcase classname="gear_sonic.tests.test_g1_true23_root_feedback_benchmark" name="test_real_external_force_changes_dynamics_without_pose_rewrites" time="1.031" /><testcase classname="gear_sonic.tests.test_g1_true23_root_feedback_benchmark" name="test_force_schedule_is_bounded[args0]" time="0.001" /><testcase classname="gear_sonic.tests.test_g1_true23_root_feedback_benchmark" name="test_force_schedule_is_bounded[args1]" time="0.001" /><testcase classname="gear_sonic.tests.test_g1_true23_root_feedback_benchmark" name="test_force_schedule_is_bounded[args2]" time="0.001" /><testcase classname="gear_sonic.tests.test_g1_true23_root_feedback_benchmark" name="test_force_schedule_is_bounded[args3]" time="0.001" /><testcase classname="gear_sonic.tests.test_g1_true23_root_feedback_benchmark" name="test_force_schedule_is_bounded[args4]" time="0.001" /><testcase classname="gear_sonic.tests.test_g1_true23_root_feedback_benchmark" name="test_force_schedule_is_bounded[args5]" time="0.001" /><testcase classname="gear_sonic.tests.test_g1_true23_root_feedback_benchmark" name="test_overlapping_forces_rejected" time="0.001" /><testcase classname="gear_sonic.tests.test_g1_true23_root_feedback_benchmark" name="test_new_pair_passes_separate_feedback_without_modifying_994" time="0.003" /><testcase classname="gear_sonic.tests.test_g1_true23_root_feedback_benchmark" name="test_root_pair_fail_closed[old_kind]" time="0.002" /><testcase classname="gear_sonic.tests.test_g1_true23_root_feedback_benchmark" name="test_root_pair_fail_closed[old_schema]" time="0.003" /><testcase classname="gear_sonic.tests.test_g1_true23_root_feedback_benchmark" name="test_root_pair_fail_closed[feedback_contract]" time="0.002" /><testcase classname="gear_sonic.tests.test_g1_true23_root_feedback_benchmark" name="test_root_pair_fail_closed[feedback_metadata]" time="0.002" /><testcase classname="gear_sonic.tests.test_g1_true23_root_feedback_benchmark" name="test_root_pair_fail_closed[old_decoder]" time="0.002" /><testcase classname="gear_sonic.tests.test_g1_true23_root_feedback_benchmark" name="test_root_pair_fail_closed[encoder_parity]" time="0.003" /><testcase classname="gear_sonic.tests.test_g1_true23_root_feedback_benchmark" name="test_root_pair_fail_closed[hash]" time="0.003" /><testcase classname="gear_sonic.tests.test_g1_true23_root_feedback_benchmark" name="test_root_pair_fail_closed[authority]" time="0.002" /><testcase classname="gear_sonic.tests.test_g1_true23_root_feedback_benchmark" name="test_root_pair_fail_closed[physical_estimator]" time="0.003" /><testcase classname="gear_sonic.tests.test_g1_true23_root_feedback_benchmark" name="test_actual_root0_exporter_manifest_loads_exact_version2_pair" time="1.631" /><testcase classname="gear_sonic.tests.test_g1_true23_root_feedback" name="test_root_displacement_and_velocity_are_observable_without_clipping" time="0.003" /><testcase classname="gear_sonic.tests.test_g1_true23_root_feedback" name="test_current_measured_yaw_and_common_world_translation" time="0.001" /><testcase classname="gear_sonic.tests.test_g1_true23_root_feedback" name="test_batched_numpy_torch_agree" time="0.002" /><testcase classname="gear_sonic.tests.test_g1_true23_root_feedback" name="test_invalid_inputs_fail_closed[0-bad0]" time="0.001" /><testcase classname="gear_sonic.tests.test_g1_true23_root_feedback" name="test_invalid_inputs_fail_closed[1-bad1]" time="0.001" /><testcase classname="gear_sonic.tests.test_g1_true23_root_feedback" name="test_invalid_inputs_fail_closed[2-bad2]" time="0.001" /><testcase classname="gear_sonic.tests.test_g1_true23_root_feedback" name="test_invalid_inputs_fail_closed[3-bad3]" time="0.001" /><testcase classname="gear_sonic.tests.test_g1_true23_root_feedback" name="test_invalid_inputs_fail_closed[4-bad4]" time="0.001" /><testcase classname="gear_sonic.tests.test_g1_true23_root_feedback" name="test_invalid_inputs_fail_closed[4-bad5]" time="0.001" /><testcase classname="gear_sonic.tests.test_g1_true23_root_feedback" name="test_contract_preserves_sonic_branch_and_only_uses_current_reference" time="0.001" /></testsuite></testsuites>