<?xml version="1.0" encoding="utf-8"?><testsuites name="pytest tests"><testsuite name="pytest" errors="0" failures="0" skipped="0" tests="5" time="0.052" timestamp="2026-09-12T07:40:48.809867+10:00" hostname="MSI"><testcase classname="test_execution_helpers" name="test_pin_union_rejects_alias_omission_and_preserves_values" time="0.006" /><testcase classname="test_execution_helpers" name="test_owner_requires_exact_membership_and_current_hashes" time="0.001" /><testcase classname="test_execution_helpers" name="test_launcher_hidden_required_clearance_and_known_exit" time="0.001" /><testcase classname="test_execution_helpers" name="test_linux_identity_before_single_exec" time="0.001" /><testcase classname="test_execution_helpers" name="test_request_builder_is_no_dispatch" time="0.002" /></testsuite></testsuites>