<?xml version="1.0" encoding="utf-8"?><testsuites name="pytest tests"><testsuite name="pytest" errors="0" failures="0" skipped="0" tests="17" time="0.079" timestamp="2026-09-12T07:45:52.069083+10:00" hostname="MSI"><testcase classname="test_execution_helpers" name="test_pin_union_rejects_alias_omission_and_preserves_values" time="0.007" /><testcase classname="test_execution_helpers" name="test_owner_requires_exact_membership_and_current_hashes" time="0.001" /><testcase classname="test_execution_helpers" name="test_launcher_hidden_required_clearance_and_known_exit" time="0.001" /><testcase classname="test_execution_helpers" name="test_linux_identity_before_single_exec" time="0.001" /><testcase classname="test_execution_helpers" name="test_request_builder_is_no_dispatch" time="0.002" /><testcase classname="test_execution_helpers" name="test_literal_windows_paths_convert_before_drive_mapping" time="0.001" /><testcase classname="test_execution_helpers" name="test_native_batch_uncertainty_is_not_high_level_seed_rejection" time="0.001" /><testcase classname="test_execution_helpers" name="test_owner_rejects_missing_or_self_declared_limits" time="0.000" /><testcase classname="test_execution_helpers" name="test_process_identity_and_completion_contradictions[none]" time="0.001" /><testcase classname="test_execution_helpers" name="test_process_identity_and_completion_contradictions[child_wrapper]" time="0.001" /><testcase classname="test_execution_helpers" name="test_process_identity_and_completion_contradictions[handle]" time="0.001" /><testcase classname="test_execution_helpers" name="test_process_identity_and_completion_contradictions[arguments]" time="0.001" /><testcase classname="test_execution_helpers" name="test_process_identity_and_completion_contradictions[child_missing]" time="0.001" /><testcase classname="test_execution_helpers" name="test_process_identity_and_completion_contradictions[linux_missing]" time="0.001" /><testcase classname="test_execution_helpers" name="test_process_identity_and_completion_contradictions[wrapper_exit]" time="0.001" /><testcase classname="test_execution_helpers" name="test_process_identity_and_completion_contradictions[final_flag]" time="0.001" /><testcase classname="test_execution_helpers" name="test_process_identity_and_completion_contradictions[branch_flag]" time="0.001" /></testsuite></testsuites>