<?xml version="1.0" encoding="utf-8"?><testsuites name="pytest tests"><testsuite name="pytest" errors="0" failures="0" skipped="0" tests="22" time="0.784" timestamp="2026-09-12T07:26:00.156592+10:00" hostname="MSI"><testcase classname="test_recovery" name="test_full251_prefix_and_hidden_state" time="0.059" /><testcase classname="test_recovery" name="test_corrupt_saved_boundary[global_control-index0]" time="0.007" /><testcase classname="test_recovery" name="test_corrupt_saved_boundary[source_frame-index1]" time="0.007" /><testcase classname="test_recovery" name="test_corrupt_saved_boundary[physics_substeps-index2]" time="0.007" /><testcase classname="test_recovery" name="test_corrupt_saved_boundary[controller_mode-index3]" time="0.008" /><testcase classname="test_recovery" name="test_corrupt_saved_boundary[control_previous_action_before-index4]" time="0.007" /><testcase classname="test_recovery" name="test_corrupt_saved_boundary[history-index5]" time="0.008" /><testcase classname="test_recovery" name="test_corrupt_saved_boundary[target-index6]" time="0.008" /><testcase classname="test_recovery" name="test_corrupt_saved_boundary[physics_time-index7]" time="0.008" /><testcase classname="test_recovery" name="test_corrupt_saved_boundary[physics_expected_time-index8]" time="0.008" /><testcase classname="test_recovery" name="test_corrupt_saved_boundary[control_integration_before-index9]" time="0.056" /><testcase classname="test_recovery" name="test_named_offsets_and_no_aliases" time="0.001" /><testcase classname="test_recovery" name="test_protocol_counts_and_last_commit" time="0.000" /><testcase classname="test_recovery" name="test_attempt_return_failure_and_refusal" time="0.001" /><testcase classname="test_recovery" name="test_nested_failure_inner_evidence" time="0.000" /><testcase classname="test_recovery" name="test_hooks_preserve_calls_live_private_restoration_and_close" time="0.001" /><testcase classname="test_recovery" name="test_private_subcontexts_and_refusal_before_native_attempt" time="0.001" /><testcase classname="test_recovery" name="test_seed_sessions_count_rows_without_extra_calls" time="0.001" /><testcase classname="test_recovery" name="test_injected_setup_full291_history_and_no_inference" time="0.156" /><testcase classname="test_recovery" name="test_injected_setup_rejects_shifted_history" time="0.215" /><testcase classname="test_recovery" name="test_actual_control_history_updates_once_only_after_preview" time="0.006" /><testcase classname="test_recovery" name="test_prefix_mode_not_counted_as_expert" time="0.005" /></testsuite></testsuites>